Checking whether the ASM compiler is GNU using "--version" did not match "(GNU assembler)|(GCC)|(Free Software Foundation)":
Apple clang version 13.0.0 (clang-1300.0.29.3)
Target: x86_64-apple-darwin21.3.0
Thread model: posix
InstalledDir: /Applications/Xcode.app/Contents/Developer/Toolchains/XcodeDefault.xctoolchain/usr/bin
Determining if the include file linux/fs.h exists failed with the following output:
Change Dir: /Users/xuzhongping/Desktop/Dev/myGithub/ccache/CMakeFiles/CMakeTmp

Run Build Command(s):/usr/bin/xcodebuild -project CMAKE_TRY_COMPILE.xcodeproj build -target cmTC_cc585 -parallelizeTargets -configuration Debug -hideShellScriptEnvironment && Command line invocation:
    /Applications/Xcode.app/Contents/Developer/usr/bin/xcodebuild -project CMAKE_TRY_COMPILE.xcodeproj build -target cmTC_cc585 -parallelizeTargets -configuration Debug -hideShellScriptEnvironment

User defaults from command line:
    HideShellScriptEnvironment = YES
    IDEPackageSupportUseBuiltinSCM = YES

note: Using new build system
note: Planning
Analyze workspace

Create build description
Build description signature: 12037e10b4fb0087940eee1772a68d91
Build description path: /Users/xuzhongping/Desktop/Dev/myGithub/ccache/CMakeFiles/CMakeTmp/build/XCBuildData/12037e10b4fb0087940eee1772a68d91-desc.xcbuild

note: Build preparation complete
note: Building targets in parallel
CreateBuildDirectory /Users/xuzhongping/Desktop/Dev/myGithub/ccache/CMakeFiles/CMakeTmp
    cd /Users/xuzhongping/Desktop/Dev/myGithub/ccache/CMakeFiles/CMakeTmp/CMAKE_TRY_COMPILE.xcodeproj
    builtin-create-build-directory /Users/xuzhongping/Desktop/Dev/myGithub/ccache/CMakeFiles/CMakeTmp

CreateBuildDirectory /Users/xuzhongping/Desktop/Dev/myGithub/ccache/CMakeFiles/CMakeTmp/Debug
    cd /Users/xuzhongping/Desktop/Dev/myGithub/ccache/CMakeFiles/CMakeTmp/CMAKE_TRY_COMPILE.xcodeproj
    builtin-create-build-directory /Users/xuzhongping/Desktop/Dev/myGithub/ccache/CMakeFiles/CMakeTmp/Debug

WriteAuxiliaryFile /Users/xuzhongping/Desktop/Dev/myGithub/ccache/CMakeFiles/CMakeTmp/CMAKE_TRY_COMPILE.build/Debug/cmTC_cc585.build/Objects-normal/x86_64/cmTC_cc585.LinkFileList (in target 'cmTC_cc585' from project 'CMAKE_TRY_COMPILE')
    cd /Users/xuzhongping/Desktop/Dev/myGithub/ccache/CMakeFiles/CMakeTmp
    write-file /Users/xuzhongping/Desktop/Dev/myGithub/ccache/CMakeFiles/CMakeTmp/CMAKE_TRY_COMPILE.build/Debug/cmTC_cc585.build/Objects-normal/x86_64/cmTC_cc585.LinkFileList

CompileC /Users/xuzhongping/Desktop/Dev/myGithub/ccache/CMakeFiles/CMakeTmp/CMAKE_TRY_COMPILE.build/Debug/cmTC_cc585.build/Objects-normal/x86_64/CheckIncludeFile.o /Users/xuzhongping/Desktop/Dev/myGithub/ccache/CMakeFiles/CMakeTmp/CheckIncludeFile.c normal x86_64 c com.apple.compilers.llvm.clang.1_0.compiler (in target 'cmTC_cc585' from project 'CMAKE_TRY_COMPILE')
    cd /Users/xuzhongping/Desktop/Dev/myGithub/ccache/CMakeFiles/CMakeTmp
    /Applications/Xcode.app/Contents/Developer/Toolchains/XcodeDefault.xctoolchain/usr/bin/clang -x c -target x86_64-apple-macos12.0 -fmessage-length\=0 -fdiagnostics-show-note-include-stack -fmacro-backtrace-limit\=0 -Wno-trigraphs -fpascal-strings -O0 -Wno-missing-field-initializers -Wno-missing-prototypes -Wno-return-type -Wno-missing-braces -Wparentheses -Wswitch -Wno-unused-function -Wno-unused-label -Wno-unused-parameter -Wno-unused-variable -Wunused-value -Wno-empty-body -Wno-uninitialized -Wno-unknown-pragmas -Wno-shadow -Wno-four-char-constants -Wno-conversion -Wno-constant-conversion -Wno-int-conversion -Wno-bool-conversion -Wno-enum-conversion -Wno-float-conversion -Wno-non-literal-null-conversion -Wno-objc-literal-conversion -Wno-shorten-64-to-32 -Wpointer-sign -Wno-newline-eof -DCMAKE_INTDIR\=\"Debug\" -isysroot /Applications/Xcode.app/Contents/Developer/Platforms/MacOSX.platform/Developer/SDKs/MacOSX12.0.sdk -fasm-blocks -fstrict-aliasing -Wdeprecated-declarations -g -Wno-sign-conversion -Wno-infinite-recursion -Wno-comma -Wno-block-capture-autoreleasing -Wno-strict-prototypes -Wno-semicolon-before-method-body -I/Users/xuzhongping/Desktop/Dev/myGithub/ccache/CMakeFiles/CMakeTmp/Debug/include -I/Users/xuzhongping/Desktop/Dev/myGithub/ccache/CMakeFiles/CMakeTmp/CMAKE_TRY_COMPILE.build/Debug/cmTC_cc585.build/DerivedSources-normal/x86_64 -I/Users/xuzhongping/Desktop/Dev/myGithub/ccache/CMakeFiles/CMakeTmp/CMAKE_TRY_COMPILE.build/Debug/cmTC_cc585.build/DerivedSources/x86_64 -I/Users/xuzhongping/Desktop/Dev/myGithub/ccache/CMakeFiles/CMakeTmp/CMAKE_TRY_COMPILE.build/Debug/cmTC_cc585.build/DerivedSources -F/Users/xuzhongping/Desktop/Dev/myGithub/ccache/CMakeFiles/CMakeTmp/Debug -std\=c99 -MMD -MT dependencies -MF /Users/xuzhongping/Desktop/Dev/myGithub/ccache/CMakeFiles/CMakeTmp/CMAKE_TRY_COMPILE.build/Debug/cmTC_cc585.build/Objects-normal/x86_64/CheckIncludeFile.d --serialize-diagnostics /Users/xuzhongping/Desktop/Dev/myGithub/ccache/CMakeFiles/CMakeTmp/CMAKE_TRY_COMPILE.build/Debug/cmTC_cc585.build/Objects-normal/x86_64/CheckIncludeFile.dia -c /Users/xuzhongping/Desktop/Dev/myGithub/ccache/CMakeFiles/CMakeTmp/CheckIncludeFile.c -o /Users/xuzhongping/Desktop/Dev/myGithub/ccache/CMakeFiles/CMakeTmp/CMAKE_TRY_COMPILE.build/Debug/cmTC_cc585.build/Objects-normal/x86_64/CheckIncludeFile.o
/Users/xuzhongping/Desktop/Dev/myGithub/ccache/CMakeFiles/CMakeTmp/CheckIncludeFile.c:1:10: fatal error: 'linux/fs.h' file not found
#include <linux/fs.h>
         ^~~~~~~~~~~~
1 error generated.

** BUILD FAILED **


The following build commands failed:
	CompileC /Users/xuzhongping/Desktop/Dev/myGithub/ccache/CMakeFiles/CMakeTmp/CMAKE_TRY_COMPILE.build/Debug/cmTC_cc585.build/Objects-normal/x86_64/CheckIncludeFile.o /Users/xuzhongping/Desktop/Dev/myGithub/ccache/CMakeFiles/CMakeTmp/CheckIncludeFile.c normal x86_64 c com.apple.compilers.llvm.clang.1_0.compiler (in target 'cmTC_cc585' from project 'CMAKE_TRY_COMPILE')
(1 failure)



Determining if the include file sys/utime.h exists failed with the following output:
Change Dir: /Users/xuzhongping/Desktop/Dev/myGithub/ccache/CMakeFiles/CMakeTmp

Run Build Command(s):/usr/bin/xcodebuild -project CMAKE_TRY_COMPILE.xcodeproj build -target cmTC_ad28a -parallelizeTargets -configuration Debug -hideShellScriptEnvironment && Command line invocation:
    /Applications/Xcode.app/Contents/Developer/usr/bin/xcodebuild -project CMAKE_TRY_COMPILE.xcodeproj build -target cmTC_ad28a -parallelizeTargets -configuration Debug -hideShellScriptEnvironment

User defaults from command line:
    HideShellScriptEnvironment = YES
    IDEPackageSupportUseBuiltinSCM = YES

note: Using new build system
note: Planning
Analyze workspace

Create build description
Build description signature: 70c98b205fa7d1c6a768c52f171979d3
Build description path: /Users/xuzhongping/Desktop/Dev/myGithub/ccache/CMakeFiles/CMakeTmp/build/XCBuildData/70c98b205fa7d1c6a768c52f171979d3-desc.xcbuild

note: Build preparation complete
note: Building targets in parallel
CreateBuildDirectory /Users/xuzhongping/Desktop/Dev/myGithub/ccache/CMakeFiles/CMakeTmp
    cd /Users/xuzhongping/Desktop/Dev/myGithub/ccache/CMakeFiles/CMakeTmp/CMAKE_TRY_COMPILE.xcodeproj
    builtin-create-build-directory /Users/xuzhongping/Desktop/Dev/myGithub/ccache/CMakeFiles/CMakeTmp

CreateBuildDirectory /Users/xuzhongping/Desktop/Dev/myGithub/ccache/CMakeFiles/CMakeTmp/Debug
    cd /Users/xuzhongping/Desktop/Dev/myGithub/ccache/CMakeFiles/CMakeTmp/CMAKE_TRY_COMPILE.xcodeproj
    builtin-create-build-directory /Users/xuzhongping/Desktop/Dev/myGithub/ccache/CMakeFiles/CMakeTmp/Debug

WriteAuxiliaryFile /Users/xuzhongping/Desktop/Dev/myGithub/ccache/CMakeFiles/CMakeTmp/CMAKE_TRY_COMPILE.build/Debug/cmTC_ad28a.build/Objects-normal/x86_64/cmTC_ad28a.LinkFileList (in target 'cmTC_ad28a' from project 'CMAKE_TRY_COMPILE')
    cd /Users/xuzhongping/Desktop/Dev/myGithub/ccache/CMakeFiles/CMakeTmp
    write-file /Users/xuzhongping/Desktop/Dev/myGithub/ccache/CMakeFiles/CMakeTmp/CMAKE_TRY_COMPILE.build/Debug/cmTC_ad28a.build/Objects-normal/x86_64/cmTC_ad28a.LinkFileList

CompileC /Users/xuzhongping/Desktop/Dev/myGithub/ccache/CMakeFiles/CMakeTmp/CMAKE_TRY_COMPILE.build/Debug/cmTC_ad28a.build/Objects-normal/x86_64/CheckIncludeFile.o /Users/xuzhongping/Desktop/Dev/myGithub/ccache/CMakeFiles/CMakeTmp/CheckIncludeFile.c normal x86_64 c com.apple.compilers.llvm.clang.1_0.compiler (in target 'cmTC_ad28a' from project 'CMAKE_TRY_COMPILE')
    cd /Users/xuzhongping/Desktop/Dev/myGithub/ccache/CMakeFiles/CMakeTmp
    /Applications/Xcode.app/Contents/Developer/Toolchains/XcodeDefault.xctoolchain/usr/bin/clang -x c -target x86_64-apple-macos12.0 -fmessage-length\=0 -fdiagnostics-show-note-include-stack -fmacro-backtrace-limit\=0 -Wno-trigraphs -fpascal-strings -O0 -Wno-missing-field-initializers -Wno-missing-prototypes -Wno-return-type -Wno-missing-braces -Wparentheses -Wswitch -Wno-unused-function -Wno-unused-label -Wno-unused-parameter -Wno-unused-variable -Wunused-value -Wno-empty-body -Wno-uninitialized -Wno-unknown-pragmas -Wno-shadow -Wno-four-char-constants -Wno-conversion -Wno-constant-conversion -Wno-int-conversion -Wno-bool-conversion -Wno-enum-conversion -Wno-float-conversion -Wno-non-literal-null-conversion -Wno-objc-literal-conversion -Wno-shorten-64-to-32 -Wpointer-sign -Wno-newline-eof -DCMAKE_INTDIR\=\"Debug\" -isysroot /Applications/Xcode.app/Contents/Developer/Platforms/MacOSX.platform/Developer/SDKs/MacOSX12.0.sdk -fasm-blocks -fstrict-aliasing -Wdeprecated-declarations -g -Wno-sign-conversion -Wno-infinite-recursion -Wno-comma -Wno-block-capture-autoreleasing -Wno-strict-prototypes -Wno-semicolon-before-method-body -I/Users/xuzhongping/Desktop/Dev/myGithub/ccache/CMakeFiles/CMakeTmp/Debug/include -I/Users/xuzhongping/Desktop/Dev/myGithub/ccache/CMakeFiles/CMakeTmp/CMAKE_TRY_COMPILE.build/Debug/cmTC_ad28a.build/DerivedSources-normal/x86_64 -I/Users/xuzhongping/Desktop/Dev/myGithub/ccache/CMakeFiles/CMakeTmp/CMAKE_TRY_COMPILE.build/Debug/cmTC_ad28a.build/DerivedSources/x86_64 -I/Users/xuzhongping/Desktop/Dev/myGithub/ccache/CMakeFiles/CMakeTmp/CMAKE_TRY_COMPILE.build/Debug/cmTC_ad28a.build/DerivedSources -F/Users/xuzhongping/Desktop/Dev/myGithub/ccache/CMakeFiles/CMakeTmp/Debug -std\=c99 -MMD -MT dependencies -MF /Users/xuzhongping/Desktop/Dev/myGithub/ccache/CMakeFiles/CMakeTmp/CMAKE_TRY_COMPILE.build/Debug/cmTC_ad28a.build/Objects-normal/x86_64/CheckIncludeFile.d --serialize-diagnostics /Users/xuzhongping/Desktop/Dev/myGithub/ccache/CMakeFiles/CMakeTmp/CMAKE_TRY_COMPILE.build/Debug/cmTC_ad28a.build/Objects-normal/x86_64/CheckIncludeFile.dia -c /Users/xuzhongping/Desktop/Dev/myGithub/ccache/CMakeFiles/CMakeTmp/CheckIncludeFile.c -o /Users/xuzhongping/Desktop/Dev/myGithub/ccache/CMakeFiles/CMakeTmp/CMAKE_TRY_COMPILE.build/Debug/cmTC_ad28a.build/Objects-normal/x86_64/CheckIncludeFile.o
/Users/xuzhongping/Desktop/Dev/myGithub/ccache/CMakeFiles/CMakeTmp/CheckIncludeFile.c:1:10: fatal error: 'sys/utime.h' file not found
#include <sys/utime.h>
         ^~~~~~~~~~~~~
1 error generated.

** BUILD FAILED **


The following build commands failed:
	CompileC /Users/xuzhongping/Desktop/Dev/myGithub/ccache/CMakeFiles/CMakeTmp/CMAKE_TRY_COMPILE.build/Debug/cmTC_ad28a.build/Objects-normal/x86_64/CheckIncludeFile.o /Users/xuzhongping/Desktop/Dev/myGithub/ccache/CMakeFiles/CMakeTmp/CheckIncludeFile.c normal x86_64 c com.apple.compilers.llvm.clang.1_0.compiler (in target 'cmTC_ad28a' from project 'CMAKE_TRY_COMPILE')
(1 failure)



Determining if the include file varargs.h exists failed with the following output:
Change Dir: /Users/xuzhongping/Desktop/Dev/myGithub/ccache/CMakeFiles/CMakeTmp

Run Build Command(s):/usr/bin/xcodebuild -project CMAKE_TRY_COMPILE.xcodeproj build -target cmTC_4b778 -parallelizeTargets -configuration Debug -hideShellScriptEnvironment && Command line invocation:
    /Applications/Xcode.app/Contents/Developer/usr/bin/xcodebuild -project CMAKE_TRY_COMPILE.xcodeproj build -target cmTC_4b778 -parallelizeTargets -configuration Debug -hideShellScriptEnvironment

User defaults from command line:
    HideShellScriptEnvironment = YES
    IDEPackageSupportUseBuiltinSCM = YES

note: Using new build system
note: Planning
Analyze workspace

Create build description
Build description signature: bfe11345091cef5e5e534d67719c200a
Build description path: /Users/xuzhongping/Desktop/Dev/myGithub/ccache/CMakeFiles/CMakeTmp/build/XCBuildData/bfe11345091cef5e5e534d67719c200a-desc.xcbuild

note: Build preparation complete
note: Building targets in parallel
CreateBuildDirectory /Users/xuzhongping/Desktop/Dev/myGithub/ccache/CMakeFiles/CMakeTmp
    cd /Users/xuzhongping/Desktop/Dev/myGithub/ccache/CMakeFiles/CMakeTmp/CMAKE_TRY_COMPILE.xcodeproj
    builtin-create-build-directory /Users/xuzhongping/Desktop/Dev/myGithub/ccache/CMakeFiles/CMakeTmp

CreateBuildDirectory /Users/xuzhongping/Desktop/Dev/myGithub/ccache/CMakeFiles/CMakeTmp/Debug
    cd /Users/xuzhongping/Desktop/Dev/myGithub/ccache/CMakeFiles/CMakeTmp/CMAKE_TRY_COMPILE.xcodeproj
    builtin-create-build-directory /Users/xuzhongping/Desktop/Dev/myGithub/ccache/CMakeFiles/CMakeTmp/Debug

WriteAuxiliaryFile /Users/xuzhongping/Desktop/Dev/myGithub/ccache/CMakeFiles/CMakeTmp/CMAKE_TRY_COMPILE.build/Debug/cmTC_4b778.build/Objects-normal/x86_64/cmTC_4b778.LinkFileList (in target 'cmTC_4b778' from project 'CMAKE_TRY_COMPILE')
    cd /Users/xuzhongping/Desktop/Dev/myGithub/ccache/CMakeFiles/CMakeTmp
    write-file /Users/xuzhongping/Desktop/Dev/myGithub/ccache/CMakeFiles/CMakeTmp/CMAKE_TRY_COMPILE.build/Debug/cmTC_4b778.build/Objects-normal/x86_64/cmTC_4b778.LinkFileList

CompileC /Users/xuzhongping/Desktop/Dev/myGithub/ccache/CMakeFiles/CMakeTmp/CMAKE_TRY_COMPILE.build/Debug/cmTC_4b778.build/Objects-normal/x86_64/CheckIncludeFile.o /Users/xuzhongping/Desktop/Dev/myGithub/ccache/CMakeFiles/CMakeTmp/CheckIncludeFile.c normal x86_64 c com.apple.compilers.llvm.clang.1_0.compiler (in target 'cmTC_4b778' from project 'CMAKE_TRY_COMPILE')
    cd /Users/xuzhongping/Desktop/Dev/myGithub/ccache/CMakeFiles/CMakeTmp
    /Applications/Xcode.app/Contents/Developer/Toolchains/XcodeDefault.xctoolchain/usr/bin/clang -x c -target x86_64-apple-macos12.0 -fmessage-length\=0 -fdiagnostics-show-note-include-stack -fmacro-backtrace-limit\=0 -Wno-trigraphs -fpascal-strings -O0 -Wno-missing-field-initializers -Wno-missing-prototypes -Wno-return-type -Wno-missing-braces -Wparentheses -Wswitch -Wno-unused-function -Wno-unused-label -Wno-unused-parameter -Wno-unused-variable -Wunused-value -Wno-empty-body -Wno-uninitialized -Wno-unknown-pragmas -Wno-shadow -Wno-four-char-constants -Wno-conversion -Wno-constant-conversion -Wno-int-conversion -Wno-bool-conversion -Wno-enum-conversion -Wno-float-conversion -Wno-non-literal-null-conversion -Wno-objc-literal-conversion -Wno-shorten-64-to-32 -Wpointer-sign -Wno-newline-eof -DCMAKE_INTDIR\=\"Debug\" -isysroot /Applications/Xcode.app/Contents/Developer/Platforms/MacOSX.platform/Developer/SDKs/MacOSX12.0.sdk -fasm-blocks -fstrict-aliasing -Wdeprecated-declarations -g -Wno-sign-conversion -Wno-infinite-recursion -Wno-comma -Wno-block-capture-autoreleasing -Wno-strict-prototypes -Wno-semicolon-before-method-body -I/Users/xuzhongping/Desktop/Dev/myGithub/ccache/CMakeFiles/CMakeTmp/Debug/include -I/Users/xuzhongping/Desktop/Dev/myGithub/ccache/CMakeFiles/CMakeTmp/CMAKE_TRY_COMPILE.build/Debug/cmTC_4b778.build/DerivedSources-normal/x86_64 -I/Users/xuzhongping/Desktop/Dev/myGithub/ccache/CMakeFiles/CMakeTmp/CMAKE_TRY_COMPILE.build/Debug/cmTC_4b778.build/DerivedSources/x86_64 -I/Users/xuzhongping/Desktop/Dev/myGithub/ccache/CMakeFiles/CMakeTmp/CMAKE_TRY_COMPILE.build/Debug/cmTC_4b778.build/DerivedSources -F/Users/xuzhongping/Desktop/Dev/myGithub/ccache/CMakeFiles/CMakeTmp/Debug -std\=c99 -MMD -MT dependencies -MF /Users/xuzhongping/Desktop/Dev/myGithub/ccache/CMakeFiles/CMakeTmp/CMAKE_TRY_COMPILE.build/Debug/cmTC_4b778.build/Objects-normal/x86_64/CheckIncludeFile.d --serialize-diagnostics /Users/xuzhongping/Desktop/Dev/myGithub/ccache/CMakeFiles/CMakeTmp/CMAKE_TRY_COMPILE.build/Debug/cmTC_4b778.build/Objects-normal/x86_64/CheckIncludeFile.dia -c /Users/xuzhongping/Desktop/Dev/myGithub/ccache/CMakeFiles/CMakeTmp/CheckIncludeFile.c -o /Users/xuzhongping/Desktop/Dev/myGithub/ccache/CMakeFiles/CMakeTmp/CMAKE_TRY_COMPILE.build/Debug/cmTC_4b778.build/Objects-normal/x86_64/CheckIncludeFile.o
In file included from /Users/xuzhongping/Desktop/Dev/myGithub/ccache/CMakeFiles/CMakeTmp/CheckIncludeFile.c:1:
/Applications/Xcode.app/Contents/Developer/Toolchains/XcodeDefault.xctoolchain/usr/lib/clang/13.0.0/include/varargs.h:11:4: error: "Please use <stdarg.h> instead of <varargs.h>"
  #error "Please use <stdarg.h> instead of <varargs.h>"
   ^
1 error generated.

** BUILD FAILED **


The following build commands failed:
	CompileC /Users/xuzhongping/Desktop/Dev/myGithub/ccache/CMakeFiles/CMakeTmp/CMAKE_TRY_COMPILE.build/Debug/cmTC_4b778.build/Objects-normal/x86_64/CheckIncludeFile.o /Users/xuzhongping/Desktop/Dev/myGithub/ccache/CMakeFiles/CMakeTmp/CheckIncludeFile.c normal x86_64 c com.apple.compilers.llvm.clang.1_0.compiler (in target 'cmTC_4b778' from project 'CMAKE_TRY_COMPILE')
(1 failure)



Determining if the function posix_fallocate exists failed with the following output:
Change Dir: /Users/xuzhongping/Desktop/Dev/myGithub/ccache/CMakeFiles/CMakeTmp

Run Build Command(s):/usr/bin/xcodebuild -project CMAKE_TRY_COMPILE.xcodeproj build -target cmTC_7f4bb -parallelizeTargets -configuration Debug -hideShellScriptEnvironment && Command line invocation:
    /Applications/Xcode.app/Contents/Developer/usr/bin/xcodebuild -project CMAKE_TRY_COMPILE.xcodeproj build -target cmTC_7f4bb -parallelizeTargets -configuration Debug -hideShellScriptEnvironment

User defaults from command line:
    HideShellScriptEnvironment = YES
    IDEPackageSupportUseBuiltinSCM = YES

note: Using new build system
note: Planning
Analyze workspace

Create build description
Build description signature: 60fb2244371229ce9ed26594728d1d68
Build description path: /Users/xuzhongping/Desktop/Dev/myGithub/ccache/CMakeFiles/CMakeTmp/build/XCBuildData/60fb2244371229ce9ed26594728d1d68-desc.xcbuild

note: Build preparation complete
note: Building targets in parallel
CreateBuildDirectory /Users/xuzhongping/Desktop/Dev/myGithub/ccache/CMakeFiles/CMakeTmp
    cd /Users/xuzhongping/Desktop/Dev/myGithub/ccache/CMakeFiles/CMakeTmp/CMAKE_TRY_COMPILE.xcodeproj
    builtin-create-build-directory /Users/xuzhongping/Desktop/Dev/myGithub/ccache/CMakeFiles/CMakeTmp

CreateBuildDirectory /Users/xuzhongping/Desktop/Dev/myGithub/ccache/CMakeFiles/CMakeTmp/Debug
    cd /Users/xuzhongping/Desktop/Dev/myGithub/ccache/CMakeFiles/CMakeTmp/CMAKE_TRY_COMPILE.xcodeproj
    builtin-create-build-directory /Users/xuzhongping/Desktop/Dev/myGithub/ccache/CMakeFiles/CMakeTmp/Debug

WriteAuxiliaryFile /Users/xuzhongping/Desktop/Dev/myGithub/ccache/CMakeFiles/CMakeTmp/CMAKE_TRY_COMPILE.build/Debug/cmTC_7f4bb.build/Objects-normal/x86_64/cmTC_7f4bb.LinkFileList (in target 'cmTC_7f4bb' from project 'CMAKE_TRY_COMPILE')
    cd /Users/xuzhongping/Desktop/Dev/myGithub/ccache/CMakeFiles/CMakeTmp
    write-file /Users/xuzhongping/Desktop/Dev/myGithub/ccache/CMakeFiles/CMakeTmp/CMAKE_TRY_COMPILE.build/Debug/cmTC_7f4bb.build/Objects-normal/x86_64/cmTC_7f4bb.LinkFileList

CompileC /Users/xuzhongping/Desktop/Dev/myGithub/ccache/CMakeFiles/CMakeTmp/CMAKE_TRY_COMPILE.build/Debug/cmTC_7f4bb.build/Objects-normal/x86_64/CheckFunctionExists.o /usr/local/Cellar/cmake/3.20.1/share/cmake/Modules/CheckFunctionExists.c normal x86_64 c com.apple.compilers.llvm.clang.1_0.compiler (in target 'cmTC_7f4bb' from project 'CMAKE_TRY_COMPILE')
    cd /Users/xuzhongping/Desktop/Dev/myGithub/ccache/CMakeFiles/CMakeTmp
    /Applications/Xcode.app/Contents/Developer/Toolchains/XcodeDefault.xctoolchain/usr/bin/clang -x c -target x86_64-apple-macos12.0 -fmessage-length\=0 -fdiagnostics-show-note-include-stack -fmacro-backtrace-limit\=0 -Wno-trigraphs -fpascal-strings -O0 -Wno-missing-field-initializers -Wno-missing-prototypes -Wno-return-type -Wno-missing-braces -Wparentheses -Wswitch -Wno-unused-function -Wno-unused-label -Wno-unused-parameter -Wno-unused-variable -Wunused-value -Wno-empty-body -Wno-uninitialized -Wno-unknown-pragmas -Wno-shadow -Wno-four-char-constants -Wno-conversion -Wno-constant-conversion -Wno-int-conversion -Wno-bool-conversion -Wno-enum-conversion -Wno-float-conversion -Wno-non-literal-null-conversion -Wno-objc-literal-conversion -Wno-shorten-64-to-32 -Wpointer-sign -Wno-newline-eof -DCMAKE_INTDIR\=\"Debug\" -isysroot /Applications/Xcode.app/Contents/Developer/Platforms/MacOSX.platform/Developer/SDKs/MacOSX12.0.sdk -fasm-blocks -fstrict-aliasing -Wdeprecated-declarations -g -Wno-sign-conversion -Wno-infinite-recursion -Wno-comma -Wno-block-capture-autoreleasing -Wno-strict-prototypes -Wno-semicolon-before-method-body -I/Users/xuzhongping/Desktop/Dev/myGithub/ccache/CMakeFiles/CMakeTmp/Debug/include -I/Users/xuzhongping/Desktop/Dev/myGithub/ccache/CMakeFiles/CMakeTmp/CMAKE_TRY_COMPILE.build/Debug/cmTC_7f4bb.build/DerivedSources-normal/x86_64 -I/Users/xuzhongping/Desktop/Dev/myGithub/ccache/CMakeFiles/CMakeTmp/CMAKE_TRY_COMPILE.build/Debug/cmTC_7f4bb.build/DerivedSources/x86_64 -I/Users/xuzhongping/Desktop/Dev/myGithub/ccache/CMakeFiles/CMakeTmp/CMAKE_TRY_COMPILE.build/Debug/cmTC_7f4bb.build/DerivedSources -F/Users/xuzhongping/Desktop/Dev/myGithub/ccache/CMakeFiles/CMakeTmp/Debug -DCHECK_FUNCTION_EXISTS\=posix_fallocate -std\=c99 -MMD -MT dependencies -MF /Users/xuzhongping/Desktop/Dev/myGithub/ccache/CMakeFiles/CMakeTmp/CMAKE_TRY_COMPILE.build/Debug/cmTC_7f4bb.build/Objects-normal/x86_64/CheckFunctionExists.d --serialize-diagnostics /Users/xuzhongping/Desktop/Dev/myGithub/ccache/CMakeFiles/CMakeTmp/CMAKE_TRY_COMPILE.build/Debug/cmTC_7f4bb.build/Objects-normal/x86_64/CheckFunctionExists.dia -c /usr/local/Cellar/cmake/3.20.1/share/cmake/Modules/CheckFunctionExists.c -o /Users/xuzhongping/Desktop/Dev/myGithub/ccache/CMakeFiles/CMakeTmp/CMAKE_TRY_COMPILE.build/Debug/cmTC_7f4bb.build/Objects-normal/x86_64/CheckFunctionExists.o

Ld /Users/xuzhongping/Desktop/Dev/myGithub/ccache/CMakeFiles/CMakeTmp/Debug/cmTC_7f4bb normal (in target 'cmTC_7f4bb' from project 'CMAKE_TRY_COMPILE')
    cd /Users/xuzhongping/Desktop/Dev/myGithub/ccache/CMakeFiles/CMakeTmp
    /Applications/Xcode.app/Contents/Developer/Toolchains/XcodeDefault.xctoolchain/usr/bin/clang -target x86_64-apple-macos12.0 -isysroot /Applications/Xcode.app/Contents/Developer/Platforms/MacOSX.platform/Developer/SDKs/MacOSX12.0.sdk -L/Users/xuzhongping/Desktop/Dev/myGithub/ccache/CMakeFiles/CMakeTmp/Debug -F/Users/xuzhongping/Desktop/Dev/myGithub/ccache/CMakeFiles/CMakeTmp/Debug -filelist /Users/xuzhongping/Desktop/Dev/myGithub/ccache/CMakeFiles/CMakeTmp/CMAKE_TRY_COMPILE.build/Debug/cmTC_7f4bb.build/Objects-normal/x86_64/cmTC_7f4bb.LinkFileList -Xlinker -object_path_lto -Xlinker /Users/xuzhongping/Desktop/Dev/myGithub/ccache/CMakeFiles/CMakeTmp/CMAKE_TRY_COMPILE.build/Debug/cmTC_7f4bb.build/Objects-normal/x86_64/cmTC_7f4bb_lto.o -Xlinker -no_deduplicate -Wl,-search_paths_first -Wl,-headerpad_max_install_names -Xlinker -dependency_info -Xlinker /Users/xuzhongping/Desktop/Dev/myGithub/ccache/CMakeFiles/CMakeTmp/CMAKE_TRY_COMPILE.build/Debug/cmTC_7f4bb.build/Objects-normal/x86_64/cmTC_7f4bb_dependency_info.dat -o /Users/xuzhongping/Desktop/Dev/myGithub/ccache/CMakeFiles/CMakeTmp/Debug/cmTC_7f4bb
Undefined symbols for architecture x86_64:
  "_posix_fallocate", referenced from:
      _main in CheckFunctionExists.o
ld: symbol(s) not found for architecture x86_64
clang: error: linker command failed with exit code 1 (use -v to see invocation)

** BUILD FAILED **


The following build commands failed:
	Ld /Users/xuzhongping/Desktop/Dev/myGithub/ccache/CMakeFiles/CMakeTmp/Debug/cmTC_7f4bb normal (in target 'cmTC_7f4bb' from project 'CMAKE_TRY_COMPILE')
(1 failure)



Performing C++ SOURCE FILE Test HAVE_PTHREAD_MUTEX_ROBUST failed with the following output:
Change Dir: /Users/xuzhongping/Desktop/Dev/myGithub/ccache/CMakeFiles/CMakeTmp

Run Build Command(s):/usr/bin/xcodebuild -project CMAKE_TRY_COMPILE.xcodeproj build -target cmTC_65672 -parallelizeTargets -configuration Debug -hideShellScriptEnvironment && Command line invocation:
    /Applications/Xcode.app/Contents/Developer/usr/bin/xcodebuild -project CMAKE_TRY_COMPILE.xcodeproj build -target cmTC_65672 -parallelizeTargets -configuration Debug -hideShellScriptEnvironment

User defaults from command line:
    HideShellScriptEnvironment = YES
    IDEPackageSupportUseBuiltinSCM = YES

note: Using new build system
note: Planning
Analyze workspace

Create build description
Build description signature: d6122c7fd6896d6df8710e859981db1d
Build description path: /Users/xuzhongping/Desktop/Dev/myGithub/ccache/CMakeFiles/CMakeTmp/build/XCBuildData/d6122c7fd6896d6df8710e859981db1d-desc.xcbuild

note: Build preparation complete
note: Building targets in parallel
CreateBuildDirectory /Users/xuzhongping/Desktop/Dev/myGithub/ccache/CMakeFiles/CMakeTmp
    cd /Users/xuzhongping/Desktop/Dev/myGithub/ccache/CMakeFiles/CMakeTmp/CMAKE_TRY_COMPILE.xcodeproj
    builtin-create-build-directory /Users/xuzhongping/Desktop/Dev/myGithub/ccache/CMakeFiles/CMakeTmp

CreateBuildDirectory /Users/xuzhongping/Desktop/Dev/myGithub/ccache/CMakeFiles/CMakeTmp/Debug
    cd /Users/xuzhongping/Desktop/Dev/myGithub/ccache/CMakeFiles/CMakeTmp/CMAKE_TRY_COMPILE.xcodeproj
    builtin-create-build-directory /Users/xuzhongping/Desktop/Dev/myGithub/ccache/CMakeFiles/CMakeTmp/Debug

CompileC /Users/xuzhongping/Desktop/Dev/myGithub/ccache/CMakeFiles/CMakeTmp/CMAKE_TRY_COMPILE.build/Debug/cmTC_65672.build/Objects-normal/x86_64/src.o /Users/xuzhongping/Desktop/Dev/myGithub/ccache/CMakeFiles/CMakeTmp/src.cxx normal x86_64 c++ com.apple.compilers.llvm.clang.1_0.compiler (in target 'cmTC_65672' from project 'CMAKE_TRY_COMPILE')
    cd /Users/xuzhongping/Desktop/Dev/myGithub/ccache/CMakeFiles/CMakeTmp
    /Applications/Xcode.app/Contents/Developer/Toolchains/XcodeDefault.xctoolchain/usr/bin/clang -x c++ -target x86_64-apple-macos12.0 -fmessage-length\=0 -fdiagnostics-show-note-include-stack -fmacro-backtrace-limit\=0 -Wno-trigraphs -fpascal-strings -O0 -Wno-missing-field-initializers -Wno-missing-prototypes -Wno-return-type -Wno-non-virtual-dtor -Wno-overloaded-virtual -Wno-exit-time-destructors -Wno-missing-braces -Wparentheses -Wswitch -Wno-unused-function -Wno-unused-label -Wno-unused-parameter -Wno-unused-variable -Wunused-value -Wno-empty-body -Wno-uninitialized -Wno-unknown-pragmas -Wno-shadow -Wno-four-char-constants -Wno-conversion -Wno-constant-conversion -Wno-int-conversion -Wno-bool-conversion -Wno-enum-conversion -Wno-float-conversion -Wno-non-literal-null-conversion -Wno-objc-literal-conversion -Wno-shorten-64-to-32 -Wno-newline-eof -Wno-c++11-extensions -DCMAKE_INTDIR\=\"Debug\" -DHAVE_PTHREAD_MUTEX_ROBUST -isysroot /Applications/Xcode.app/Contents/Developer/Platforms/MacOSX.platform/Developer/SDKs/MacOSX12.0.sdk -fasm-blocks -fstrict-aliasing -Wdeprecated-declarations -Winvalid-offsetof -g -Wno-sign-conversion -Wno-infinite-recursion -Wno-move -Wno-comma -Wno-block-capture-autoreleasing -Wno-strict-prototypes -Wno-range-loop-analysis -Wno-semicolon-before-method-body -I/Users/xuzhongping/Desktop/Dev/myGithub/ccache/CMakeFiles/CMakeTmp/Debug/include -I/Users/xuzhongping/Desktop/Dev/myGithub/ccache/CMakeFiles/CMakeTmp/CMAKE_TRY_COMPILE.build/Debug/cmTC_65672.build/DerivedSources-normal/x86_64 -I/Users/xuzhongping/Desktop/Dev/myGithub/ccache/CMakeFiles/CMakeTmp/CMAKE_TRY_COMPILE.build/Debug/cmTC_65672.build/DerivedSources/x86_64 -I/Users/xuzhongping/Desktop/Dev/myGithub/ccache/CMakeFiles/CMakeTmp/CMAKE_TRY_COMPILE.build/Debug/cmTC_65672.build/DerivedSources -F/Users/xuzhongping/Desktop/Dev/myGithub/ccache/CMakeFiles/CMakeTmp/Debug -pthread -std\=c++14 -MMD -MT dependencies -MF /Users/xuzhongping/Desktop/Dev/myGithub/ccache/CMakeFiles/CMakeTmp/CMAKE_TRY_COMPILE.build/Debug/cmTC_65672.build/Objects-normal/x86_64/src.d --serialize-diagnostics /Users/xuzhongping/Desktop/Dev/myGithub/ccache/CMakeFiles/CMakeTmp/CMAKE_TRY_COMPILE.build/Debug/cmTC_65672.build/Objects-normal/x86_64/src.dia -c /Users/xuzhongping/Desktop/Dev/myGithub/ccache/CMakeFiles/CMakeTmp/src.cxx -o /Users/xuzhongping/Desktop/Dev/myGithub/ccache/CMakeFiles/CMakeTmp/CMAKE_TRY_COMPILE.build/Debug/cmTC_65672.build/Objects-normal/x86_64/src.o
/Users/xuzhongping/Desktop/Dev/myGithub/ccache/CMakeFiles/CMakeTmp/src.cxx:5:48: error: use of undeclared identifier 'PTHREAD_MUTEX_ROBUST'
      (void)pthread_mutexattr_setrobust(&attr, PTHREAD_MUTEX_ROBUST);
                                               ^
1 error generated.

WriteAuxiliaryFile /Users/xuzhongping/Desktop/Dev/myGithub/ccache/CMakeFiles/CMakeTmp/CMAKE_TRY_COMPILE.build/Debug/cmTC_65672.build/Objects-normal/x86_64/cmTC_65672.LinkFileList (in target 'cmTC_65672' from project 'CMAKE_TRY_COMPILE')
    cd /Users/xuzhongping/Desktop/Dev/myGithub/ccache/CMakeFiles/CMakeTmp
    write-file /Users/xuzhongping/Desktop/Dev/myGithub/ccache/CMakeFiles/CMakeTmp/CMAKE_TRY_COMPILE.build/Debug/cmTC_65672.build/Objects-normal/x86_64/cmTC_65672.LinkFileList

** BUILD FAILED **


The following build commands failed:
	CompileC /Users/xuzhongping/Desktop/Dev/myGithub/ccache/CMakeFiles/CMakeTmp/CMAKE_TRY_COMPILE.build/Debug/cmTC_65672.build/Objects-normal/x86_64/src.o /Users/xuzhongping/Desktop/Dev/myGithub/ccache/CMakeFiles/CMakeTmp/src.cxx normal x86_64 c++ com.apple.compilers.llvm.clang.1_0.compiler (in target 'cmTC_65672' from project 'CMAKE_TRY_COMPILE')
(1 failure)


Source file was:
    #include <pthread.h>
    int main()
    {
      pthread_mutexattr_t attr;
      (void)pthread_mutexattr_setrobust(&attr, PTHREAD_MUTEX_ROBUST);
      return 0;
    }
  
Performing C++ SOURCE FILE Test HAVE_STRUCT_STAT_ST_ATIM failed with the following output:
Change Dir: /Users/xuzhongping/Desktop/Dev/myGithub/ccache/CMakeFiles/CMakeTmp

Run Build Command(s):/usr/bin/xcodebuild -project CMAKE_TRY_COMPILE.xcodeproj build -target cmTC_efe8a -parallelizeTargets -configuration Debug -hideShellScriptEnvironment && Command line invocation:
    /Applications/Xcode.app/Contents/Developer/usr/bin/xcodebuild -project CMAKE_TRY_COMPILE.xcodeproj build -target cmTC_efe8a -parallelizeTargets -configuration Debug -hideShellScriptEnvironment

User defaults from command line:
    HideShellScriptEnvironment = YES
    IDEPackageSupportUseBuiltinSCM = YES

note: Using new build system
note: Planning
Analyze workspace

Create build description
Build description signature: 849533df812a1ca3f406c5b6aa092880
Build description path: /Users/xuzhongping/Desktop/Dev/myGithub/ccache/CMakeFiles/CMakeTmp/build/XCBuildData/849533df812a1ca3f406c5b6aa092880-desc.xcbuild

note: Build preparation complete
note: Building targets in parallel
CreateBuildDirectory /Users/xuzhongping/Desktop/Dev/myGithub/ccache/CMakeFiles/CMakeTmp
    cd /Users/xuzhongping/Desktop/Dev/myGithub/ccache/CMakeFiles/CMakeTmp/CMAKE_TRY_COMPILE.xcodeproj
    builtin-create-build-directory /Users/xuzhongping/Desktop/Dev/myGithub/ccache/CMakeFiles/CMakeTmp

CreateBuildDirectory /Users/xuzhongping/Desktop/Dev/myGithub/ccache/CMakeFiles/CMakeTmp/Debug
    cd /Users/xuzhongping/Desktop/Dev/myGithub/ccache/CMakeFiles/CMakeTmp/CMAKE_TRY_COMPILE.xcodeproj
    builtin-create-build-directory /Users/xuzhongping/Desktop/Dev/myGithub/ccache/CMakeFiles/CMakeTmp/Debug

CompileC /Users/xuzhongping/Desktop/Dev/myGithub/ccache/CMakeFiles/CMakeTmp/CMAKE_TRY_COMPILE.build/Debug/cmTC_efe8a.build/Objects-normal/x86_64/src.o /Users/xuzhongping/Desktop/Dev/myGithub/ccache/CMakeFiles/CMakeTmp/src.cxx normal x86_64 c++ com.apple.compilers.llvm.clang.1_0.compiler (in target 'cmTC_efe8a' from project 'CMAKE_TRY_COMPILE')
    cd /Users/xuzhongping/Desktop/Dev/myGithub/ccache/CMakeFiles/CMakeTmp
    /Applications/Xcode.app/Contents/Developer/Toolchains/XcodeDefault.xctoolchain/usr/bin/clang -x c++ -target x86_64-apple-macos12.0 -fmessage-length\=0 -fdiagnostics-show-note-include-stack -fmacro-backtrace-limit\=0 -Wno-trigraphs -fpascal-strings -O0 -Wno-missing-field-initializers -Wno-missing-prototypes -Wno-return-type -Wno-non-virtual-dtor -Wno-overloaded-virtual -Wno-exit-time-destructors -Wno-missing-braces -Wparentheses -Wswitch -Wno-unused-function -Wno-unused-label -Wno-unused-parameter -Wno-unused-variable -Wunused-value -Wno-empty-body -Wno-uninitialized -Wno-unknown-pragmas -Wno-shadow -Wno-four-char-constants -Wno-conversion -Wno-constant-conversion -Wno-int-conversion -Wno-bool-conversion -Wno-enum-conversion -Wno-float-conversion -Wno-non-literal-null-conversion -Wno-objc-literal-conversion -Wno-shorten-64-to-32 -Wno-newline-eof -Wno-c++11-extensions -DCMAKE_INTDIR\=\"Debug\" -DHAVE_STRUCT_STAT_ST_ATIM -isysroot /Applications/Xcode.app/Contents/Developer/Platforms/MacOSX.platform/Developer/SDKs/MacOSX12.0.sdk -fasm-blocks -fstrict-aliasing -Wdeprecated-declarations -Winvalid-offsetof -g -Wno-sign-conversion -Wno-infinite-recursion -Wno-move -Wno-comma -Wno-block-capture-autoreleasing -Wno-strict-prototypes -Wno-range-loop-analysis -Wno-semicolon-before-method-body -I/Users/xuzhongping/Desktop/Dev/myGithub/ccache/CMakeFiles/CMakeTmp/Debug/include -I/Users/xuzhongping/Desktop/Dev/myGithub/ccache/CMakeFiles/CMakeTmp/CMAKE_TRY_COMPILE.build/Debug/cmTC_efe8a.build/DerivedSources-normal/x86_64 -I/Users/xuzhongping/Desktop/Dev/myGithub/ccache/CMakeFiles/CMakeTmp/CMAKE_TRY_COMPILE.build/Debug/cmTC_efe8a.build/DerivedSources/x86_64 -I/Users/xuzhongping/Desktop/Dev/myGithub/ccache/CMakeFiles/CMakeTmp/CMAKE_TRY_COMPILE.build/Debug/cmTC_efe8a.build/DerivedSources -F/Users/xuzhongping/Desktop/Dev/myGithub/ccache/CMakeFiles/CMakeTmp/Debug -std\=c++14 -MMD -MT dependencies -MF /Users/xuzhongping/Desktop/Dev/myGithub/ccache/CMakeFiles/CMakeTmp/CMAKE_TRY_COMPILE.build/Debug/cmTC_efe8a.build/Objects-normal/x86_64/src.d --serialize-diagnostics /Users/xuzhongping/Desktop/Dev/myGithub/ccache/CMakeFiles/CMakeTmp/CMAKE_TRY_COMPILE.build/Debug/cmTC_efe8a.build/Objects-normal/x86_64/src.dia -c /Users/xuzhongping/Desktop/Dev/myGithub/ccache/CMakeFiles/CMakeTmp/src.cxx -o /Users/xuzhongping/Desktop/Dev/myGithub/ccache/CMakeFiles/CMakeTmp/CMAKE_TRY_COMPILE.build/Debug/cmTC_efe8a.build/Objects-normal/x86_64/src.o
/Users/xuzhongping/Desktop/Dev/myGithub/ccache/CMakeFiles/CMakeTmp/src.cxx:6:36: error: no member named 'st_atim' in 'stat'
  (void)sizeof(((struct stat *)0)->st_atim);
               ~~~~~~~~~~~~~~~~~~  ^
1 error generated.

WriteAuxiliaryFile /Users/xuzhongping/Desktop/Dev/myGithub/ccache/CMakeFiles/CMakeTmp/CMAKE_TRY_COMPILE.build/Debug/cmTC_efe8a.build/Objects-normal/x86_64/cmTC_efe8a.LinkFileList (in target 'cmTC_efe8a' from project 'CMAKE_TRY_COMPILE')
    cd /Users/xuzhongping/Desktop/Dev/myGithub/ccache/CMakeFiles/CMakeTmp
    write-file /Users/xuzhongping/Desktop/Dev/myGithub/ccache/CMakeFiles/CMakeTmp/CMAKE_TRY_COMPILE.build/Debug/cmTC_efe8a.build/Objects-normal/x86_64/cmTC_efe8a.LinkFileList

** BUILD FAILED **


The following build commands failed:
	CompileC /Users/xuzhongping/Desktop/Dev/myGithub/ccache/CMakeFiles/CMakeTmp/CMAKE_TRY_COMPILE.build/Debug/cmTC_efe8a.build/Objects-normal/x86_64/src.o /Users/xuzhongping/Desktop/Dev/myGithub/ccache/CMakeFiles/CMakeTmp/src.cxx normal x86_64 c++ com.apple.compilers.llvm.clang.1_0.compiler (in target 'cmTC_efe8a' from project 'CMAKE_TRY_COMPILE')
(1 failure)


Source file was:

#include <sys/stat.h>

int main()
{
  (void)sizeof(((struct stat *)0)->st_atim);
  return 0;
}

Performing C++ SOURCE FILE Test HAVE_STRUCT_STAT_ST_CTIM failed with the following output:
Change Dir: /Users/xuzhongping/Desktop/Dev/myGithub/ccache/CMakeFiles/CMakeTmp

Run Build Command(s):/usr/bin/xcodebuild -project CMAKE_TRY_COMPILE.xcodeproj build -target cmTC_9d628 -parallelizeTargets -configuration Debug -hideShellScriptEnvironment && Command line invocation:
    /Applications/Xcode.app/Contents/Developer/usr/bin/xcodebuild -project CMAKE_TRY_COMPILE.xcodeproj build -target cmTC_9d628 -parallelizeTargets -configuration Debug -hideShellScriptEnvironment

User defaults from command line:
    HideShellScriptEnvironment = YES
    IDEPackageSupportUseBuiltinSCM = YES

note: Using new build system
note: Planning
Analyze workspace

Create build description
Build description signature: 7caa4c99bfd7000743032f1bc4223dd9
Build description path: /Users/xuzhongping/Desktop/Dev/myGithub/ccache/CMakeFiles/CMakeTmp/build/XCBuildData/7caa4c99bfd7000743032f1bc4223dd9-desc.xcbuild

note: Build preparation complete
note: Building targets in parallel
CreateBuildDirectory /Users/xuzhongping/Desktop/Dev/myGithub/ccache/CMakeFiles/CMakeTmp
    cd /Users/xuzhongping/Desktop/Dev/myGithub/ccache/CMakeFiles/CMakeTmp/CMAKE_TRY_COMPILE.xcodeproj
    builtin-create-build-directory /Users/xuzhongping/Desktop/Dev/myGithub/ccache/CMakeFiles/CMakeTmp

CreateBuildDirectory /Users/xuzhongping/Desktop/Dev/myGithub/ccache/CMakeFiles/CMakeTmp/Debug
    cd /Users/xuzhongping/Desktop/Dev/myGithub/ccache/CMakeFiles/CMakeTmp/CMAKE_TRY_COMPILE.xcodeproj
    builtin-create-build-directory /Users/xuzhongping/Desktop/Dev/myGithub/ccache/CMakeFiles/CMakeTmp/Debug

CompileC /Users/xuzhongping/Desktop/Dev/myGithub/ccache/CMakeFiles/CMakeTmp/CMAKE_TRY_COMPILE.build/Debug/cmTC_9d628.build/Objects-normal/x86_64/src.o /Users/xuzhongping/Desktop/Dev/myGithub/ccache/CMakeFiles/CMakeTmp/src.cxx normal x86_64 c++ com.apple.compilers.llvm.clang.1_0.compiler (in target 'cmTC_9d628' from project 'CMAKE_TRY_COMPILE')
    cd /Users/xuzhongping/Desktop/Dev/myGithub/ccache/CMakeFiles/CMakeTmp
    /Applications/Xcode.app/Contents/Developer/Toolchains/XcodeDefault.xctoolchain/usr/bin/clang -x c++ -target x86_64-apple-macos12.0 -fmessage-length\=0 -fdiagnostics-show-note-include-stack -fmacro-backtrace-limit\=0 -Wno-trigraphs -fpascal-strings -O0 -Wno-missing-field-initializers -Wno-missing-prototypes -Wno-return-type -Wno-non-virtual-dtor -Wno-overloaded-virtual -Wno-exit-time-destructors -Wno-missing-braces -Wparentheses -Wswitch -Wno-unused-function -Wno-unused-label -Wno-unused-parameter -Wno-unused-variable -Wunused-value -Wno-empty-body -Wno-uninitialized -Wno-unknown-pragmas -Wno-shadow -Wno-four-char-constants -Wno-conversion -Wno-constant-conversion -Wno-int-conversion -Wno-bool-conversion -Wno-enum-conversion -Wno-float-conversion -Wno-non-literal-null-conversion -Wno-objc-literal-conversion -Wno-shorten-64-to-32 -Wno-newline-eof -Wno-c++11-extensions -DCMAKE_INTDIR\=\"Debug\" -DHAVE_STRUCT_STAT_ST_CTIM -isysroot /Applications/Xcode.app/Contents/Developer/Platforms/MacOSX.platform/Developer/SDKs/MacOSX12.0.sdk -fasm-blocks -fstrict-aliasing -Wdeprecated-declarations -Winvalid-offsetof -g -Wno-sign-conversion -Wno-infinite-recursion -Wno-move -Wno-comma -Wno-block-capture-autoreleasing -Wno-strict-prototypes -Wno-range-loop-analysis -Wno-semicolon-before-method-body -I/Users/xuzhongping/Desktop/Dev/myGithub/ccache/CMakeFiles/CMakeTmp/Debug/include -I/Users/xuzhongping/Desktop/Dev/myGithub/ccache/CMakeFiles/CMakeTmp/CMAKE_TRY_COMPILE.build/Debug/cmTC_9d628.build/DerivedSources-normal/x86_64 -I/Users/xuzhongping/Desktop/Dev/myGithub/ccache/CMakeFiles/CMakeTmp/CMAKE_TRY_COMPILE.build/Debug/cmTC_9d628.build/DerivedSources/x86_64 -I/Users/xuzhongping/Desktop/Dev/myGithub/ccache/CMakeFiles/CMakeTmp/CMAKE_TRY_COMPILE.build/Debug/cmTC_9d628.build/DerivedSources -F/Users/xuzhongping/Desktop/Dev/myGithub/ccache/CMakeFiles/CMakeTmp/Debug -std\=c++14 -MMD -MT dependencies -MF /Users/xuzhongping/Desktop/Dev/myGithub/ccache/CMakeFiles/CMakeTmp/CMAKE_TRY_COMPILE.build/Debug/cmTC_9d628.build/Objects-normal/x86_64/src.d --serialize-diagnostics /Users/xuzhongping/Desktop/Dev/myGithub/ccache/CMakeFiles/CMakeTmp/CMAKE_TRY_COMPILE.build/Debug/cmTC_9d628.build/Objects-normal/x86_64/src.dia -c /Users/xuzhongping/Desktop/Dev/myGithub/ccache/CMakeFiles/CMakeTmp/src.cxx -o /Users/xuzhongping/Desktop/Dev/myGithub/ccache/CMakeFiles/CMakeTmp/CMAKE_TRY_COMPILE.build/Debug/cmTC_9d628.build/Objects-normal/x86_64/src.o
/Users/xuzhongping/Desktop/Dev/myGithub/ccache/CMakeFiles/CMakeTmp/src.cxx:6:36: error: no member named 'st_ctim' in 'stat'
  (void)sizeof(((struct stat *)0)->st_ctim);
               ~~~~~~~~~~~~~~~~~~  ^
1 error generated.

WriteAuxiliaryFile /Users/xuzhongping/Desktop/Dev/myGithub/ccache/CMakeFiles/CMakeTmp/CMAKE_TRY_COMPILE.build/Debug/cmTC_9d628.build/Objects-normal/x86_64/cmTC_9d628.LinkFileList (in target 'cmTC_9d628' from project 'CMAKE_TRY_COMPILE')
    cd /Users/xuzhongping/Desktop/Dev/myGithub/ccache/CMakeFiles/CMakeTmp
    write-file /Users/xuzhongping/Desktop/Dev/myGithub/ccache/CMakeFiles/CMakeTmp/CMAKE_TRY_COMPILE.build/Debug/cmTC_9d628.build/Objects-normal/x86_64/cmTC_9d628.LinkFileList

** BUILD FAILED **


The following build commands failed:
	CompileC /Users/xuzhongping/Desktop/Dev/myGithub/ccache/CMakeFiles/CMakeTmp/CMAKE_TRY_COMPILE.build/Debug/cmTC_9d628.build/Objects-normal/x86_64/src.o /Users/xuzhongping/Desktop/Dev/myGithub/ccache/CMakeFiles/CMakeTmp/src.cxx normal x86_64 c++ com.apple.compilers.llvm.clang.1_0.compiler (in target 'cmTC_9d628' from project 'CMAKE_TRY_COMPILE')
(1 failure)


Source file was:

#include <sys/stat.h>

int main()
{
  (void)sizeof(((struct stat *)0)->st_ctim);
  return 0;
}

Performing C++ SOURCE FILE Test HAVE_STRUCT_STAT_ST_MTIM failed with the following output:
Change Dir: /Users/xuzhongping/Desktop/Dev/myGithub/ccache/CMakeFiles/CMakeTmp

Run Build Command(s):/usr/bin/xcodebuild -project CMAKE_TRY_COMPILE.xcodeproj build -target cmTC_84855 -parallelizeTargets -configuration Debug -hideShellScriptEnvironment && Command line invocation:
    /Applications/Xcode.app/Contents/Developer/usr/bin/xcodebuild -project CMAKE_TRY_COMPILE.xcodeproj build -target cmTC_84855 -parallelizeTargets -configuration Debug -hideShellScriptEnvironment

User defaults from command line:
    HideShellScriptEnvironment = YES
    IDEPackageSupportUseBuiltinSCM = YES

note: Using new build system
note: Planning
Analyze workspace

Create build description
Build description signature: 0621a614d97c81af1fb605ebfc57cb69
Build description path: /Users/xuzhongping/Desktop/Dev/myGithub/ccache/CMakeFiles/CMakeTmp/build/XCBuildData/0621a614d97c81af1fb605ebfc57cb69-desc.xcbuild

note: Build preparation complete
note: Building targets in parallel
CreateBuildDirectory /Users/xuzhongping/Desktop/Dev/myGithub/ccache/CMakeFiles/CMakeTmp
    cd /Users/xuzhongping/Desktop/Dev/myGithub/ccache/CMakeFiles/CMakeTmp/CMAKE_TRY_COMPILE.xcodeproj
    builtin-create-build-directory /Users/xuzhongping/Desktop/Dev/myGithub/ccache/CMakeFiles/CMakeTmp

CreateBuildDirectory /Users/xuzhongping/Desktop/Dev/myGithub/ccache/CMakeFiles/CMakeTmp/Debug
    cd /Users/xuzhongping/Desktop/Dev/myGithub/ccache/CMakeFiles/CMakeTmp/CMAKE_TRY_COMPILE.xcodeproj
    builtin-create-build-directory /Users/xuzhongping/Desktop/Dev/myGithub/ccache/CMakeFiles/CMakeTmp/Debug

CompileC /Users/xuzhongping/Desktop/Dev/myGithub/ccache/CMakeFiles/CMakeTmp/CMAKE_TRY_COMPILE.build/Debug/cmTC_84855.build/Objects-normal/x86_64/src.o /Users/xuzhongping/Desktop/Dev/myGithub/ccache/CMakeFiles/CMakeTmp/src.cxx normal x86_64 c++ com.apple.compilers.llvm.clang.1_0.compiler (in target 'cmTC_84855' from project 'CMAKE_TRY_COMPILE')
    cd /Users/xuzhongping/Desktop/Dev/myGithub/ccache/CMakeFiles/CMakeTmp
    /Applications/Xcode.app/Contents/Developer/Toolchains/XcodeDefault.xctoolchain/usr/bin/clang -x c++ -target x86_64-apple-macos12.0 -fmessage-length\=0 -fdiagnostics-show-note-include-stack -fmacro-backtrace-limit\=0 -Wno-trigraphs -fpascal-strings -O0 -Wno-missing-field-initializers -Wno-missing-prototypes -Wno-return-type -Wno-non-virtual-dtor -Wno-overloaded-virtual -Wno-exit-time-destructors -Wno-missing-braces -Wparentheses -Wswitch -Wno-unused-function -Wno-unused-label -Wno-unused-parameter -Wno-unused-variable -Wunused-value -Wno-empty-body -Wno-uninitialized -Wno-unknown-pragmas -Wno-shadow -Wno-four-char-constants -Wno-conversion -Wno-constant-conversion -Wno-int-conversion -Wno-bool-conversion -Wno-enum-conversion -Wno-float-conversion -Wno-non-literal-null-conversion -Wno-objc-literal-conversion -Wno-shorten-64-to-32 -Wno-newline-eof -Wno-c++11-extensions -DCMAKE_INTDIR\=\"Debug\" -DHAVE_STRUCT_STAT_ST_MTIM -isysroot /Applications/Xcode.app/Contents/Developer/Platforms/MacOSX.platform/Developer/SDKs/MacOSX12.0.sdk -fasm-blocks -fstrict-aliasing -Wdeprecated-declarations -Winvalid-offsetof -g -Wno-sign-conversion -Wno-infinite-recursion -Wno-move -Wno-comma -Wno-block-capture-autoreleasing -Wno-strict-prototypes -Wno-range-loop-analysis -Wno-semicolon-before-method-body -I/Users/xuzhongping/Desktop/Dev/myGithub/ccache/CMakeFiles/CMakeTmp/Debug/include -I/Users/xuzhongping/Desktop/Dev/myGithub/ccache/CMakeFiles/CMakeTmp/CMAKE_TRY_COMPILE.build/Debug/cmTC_84855.build/DerivedSources-normal/x86_64 -I/Users/xuzhongping/Desktop/Dev/myGithub/ccache/CMakeFiles/CMakeTmp/CMAKE_TRY_COMPILE.build/Debug/cmTC_84855.build/DerivedSources/x86_64 -I/Users/xuzhongping/Desktop/Dev/myGithub/ccache/CMakeFiles/CMakeTmp/CMAKE_TRY_COMPILE.build/Debug/cmTC_84855.build/DerivedSources -F/Users/xuzhongping/Desktop/Dev/myGithub/ccache/CMakeFiles/CMakeTmp/Debug -std\=c++14 -MMD -MT dependencies -MF /Users/xuzhongping/Desktop/Dev/myGithub/ccache/CMakeFiles/CMakeTmp/CMAKE_TRY_COMPILE.build/Debug/cmTC_84855.build/Objects-normal/x86_64/src.d --serialize-diagnostics /Users/xuzhongping/Desktop/Dev/myGithub/ccache/CMakeFiles/CMakeTmp/CMAKE_TRY_COMPILE.build/Debug/cmTC_84855.build/Objects-normal/x86_64/src.dia -c /Users/xuzhongping/Desktop/Dev/myGithub/ccache/CMakeFiles/CMakeTmp/src.cxx -o /Users/xuzhongping/Desktop/Dev/myGithub/ccache/CMakeFiles/CMakeTmp/CMAKE_TRY_COMPILE.build/Debug/cmTC_84855.build/Objects-normal/x86_64/src.o
/Users/xuzhongping/Desktop/Dev/myGithub/ccache/CMakeFiles/CMakeTmp/src.cxx:6:36: error: no member named 'st_mtim' in 'stat'
  (void)sizeof(((struct stat *)0)->st_mtim);
               ~~~~~~~~~~~~~~~~~~  ^
1 error generated.

WriteAuxiliaryFile /Users/xuzhongping/Desktop/Dev/myGithub/ccache/CMakeFiles/CMakeTmp/CMAKE_TRY_COMPILE.build/Debug/cmTC_84855.build/Objects-normal/x86_64/cmTC_84855.LinkFileList (in target 'cmTC_84855' from project 'CMAKE_TRY_COMPILE')
    cd /Users/xuzhongping/Desktop/Dev/myGithub/ccache/CMakeFiles/CMakeTmp
    write-file /Users/xuzhongping/Desktop/Dev/myGithub/ccache/CMakeFiles/CMakeTmp/CMAKE_TRY_COMPILE.build/Debug/cmTC_84855.build/Objects-normal/x86_64/cmTC_84855.LinkFileList

** BUILD FAILED **


The following build commands failed:
	CompileC /Users/xuzhongping/Desktop/Dev/myGithub/ccache/CMakeFiles/CMakeTmp/CMAKE_TRY_COMPILE.build/Debug/cmTC_84855.build/Objects-normal/x86_64/src.o /Users/xuzhongping/Desktop/Dev/myGithub/ccache/CMakeFiles/CMakeTmp/src.cxx normal x86_64 c++ com.apple.compilers.llvm.clang.1_0.compiler (in target 'cmTC_84855' from project 'CMAKE_TRY_COMPILE')
(1 failure)


Source file was:

#include <sys/stat.h>

int main()
{
  (void)sizeof(((struct stat *)0)->st_mtim);
  return 0;
}

Performing C SOURCE FILE Test HAVE_NEON failed with the following output:
Change Dir: /Users/xuzhongping/Desktop/Dev/myGithub/ccache/CMakeFiles/CMakeTmp

Run Build Command(s):/usr/bin/xcodebuild -project CMAKE_TRY_COMPILE.xcodeproj build -target cmTC_5e286 -parallelizeTargets -configuration Debug -hideShellScriptEnvironment && Command line invocation:
    /Applications/Xcode.app/Contents/Developer/usr/bin/xcodebuild -project CMAKE_TRY_COMPILE.xcodeproj build -target cmTC_5e286 -parallelizeTargets -configuration Debug -hideShellScriptEnvironment

User defaults from command line:
    HideShellScriptEnvironment = YES
    IDEPackageSupportUseBuiltinSCM = YES

note: Using new build system
note: Planning
Analyze workspace

Create build description
Build description signature: 6405d12fcb6c11c1787949f5ad4cc95b
Build description path: /Users/xuzhongping/Desktop/Dev/myGithub/ccache/CMakeFiles/CMakeTmp/build/XCBuildData/6405d12fcb6c11c1787949f5ad4cc95b-desc.xcbuild

note: Build preparation complete
note: Building targets in parallel
CreateBuildDirectory /Users/xuzhongping/Desktop/Dev/myGithub/ccache/CMakeFiles/CMakeTmp
    cd /Users/xuzhongping/Desktop/Dev/myGithub/ccache/CMakeFiles/CMakeTmp/CMAKE_TRY_COMPILE.xcodeproj
    builtin-create-build-directory /Users/xuzhongping/Desktop/Dev/myGithub/ccache/CMakeFiles/CMakeTmp

CreateBuildDirectory /Users/xuzhongping/Desktop/Dev/myGithub/ccache/CMakeFiles/CMakeTmp/Debug
    cd /Users/xuzhongping/Desktop/Dev/myGithub/ccache/CMakeFiles/CMakeTmp/CMAKE_TRY_COMPILE.xcodeproj
    builtin-create-build-directory /Users/xuzhongping/Desktop/Dev/myGithub/ccache/CMakeFiles/CMakeTmp/Debug

CompileC /Users/xuzhongping/Desktop/Dev/myGithub/ccache/CMakeFiles/CMakeTmp/CMAKE_TRY_COMPILE.build/Debug/cmTC_5e286.build/Objects-normal/x86_64/src.o /Users/xuzhongping/Desktop/Dev/myGithub/ccache/CMakeFiles/CMakeTmp/src.c normal x86_64 c com.apple.compilers.llvm.clang.1_0.compiler (in target 'cmTC_5e286' from project 'CMAKE_TRY_COMPILE')
    cd /Users/xuzhongping/Desktop/Dev/myGithub/ccache/CMakeFiles/CMakeTmp
    /Applications/Xcode.app/Contents/Developer/Toolchains/XcodeDefault.xctoolchain/usr/bin/clang -x c -target x86_64-apple-macos12.0 -fmessage-length\=0 -fdiagnostics-show-note-include-stack -fmacro-backtrace-limit\=0 -Wno-trigraphs -fpascal-strings -O0 -Wno-missing-field-initializers -Wno-missing-prototypes -Wno-return-type -Wno-missing-braces -Wparentheses -Wswitch -Wno-unused-function -Wno-unused-label -Wno-unused-parameter -Wno-unused-variable -Wunused-value -Wno-empty-body -Wno-uninitialized -Wno-unknown-pragmas -Wno-shadow -Wno-four-char-constants -Wno-conversion -Wno-constant-conversion -Wno-int-conversion -Wno-bool-conversion -Wno-enum-conversion -Wno-float-conversion -Wno-non-literal-null-conversion -Wno-objc-literal-conversion -Wno-shorten-64-to-32 -Wpointer-sign -Wno-newline-eof -DCMAKE_INTDIR\=\"Debug\" -DHAVE_NEON -isysroot /Applications/Xcode.app/Contents/Developer/Platforms/MacOSX.platform/Developer/SDKs/MacOSX12.0.sdk -fasm-blocks -fstrict-aliasing -Wdeprecated-declarations -g -Wno-sign-conversion -Wno-infinite-recursion -Wno-comma -Wno-block-capture-autoreleasing -Wno-strict-prototypes -Wno-semicolon-before-method-body -I/Users/xuzhongping/Desktop/Dev/myGithub/ccache/CMakeFiles/CMakeTmp/Debug/include -I/Users/xuzhongping/Desktop/Dev/myGithub/ccache/CMakeFiles/CMakeTmp/CMAKE_TRY_COMPILE.build/Debug/cmTC_5e286.build/DerivedSources-normal/x86_64 -I/Users/xuzhongping/Desktop/Dev/myGithub/ccache/CMakeFiles/CMakeTmp/CMAKE_TRY_COMPILE.build/Debug/cmTC_5e286.build/DerivedSources/x86_64 -I/Users/xuzhongping/Desktop/Dev/myGithub/ccache/CMakeFiles/CMakeTmp/CMAKE_TRY_COMPILE.build/Debug/cmTC_5e286.build/DerivedSources -F/Users/xuzhongping/Desktop/Dev/myGithub/ccache/CMakeFiles/CMakeTmp/Debug -std\=c99 -MMD -MT dependencies -MF /Users/xuzhongping/Desktop/Dev/myGithub/ccache/CMakeFiles/CMakeTmp/CMAKE_TRY_COMPILE.build/Debug/cmTC_5e286.build/Objects-normal/x86_64/src.d --serialize-diagnostics /Users/xuzhongping/Desktop/Dev/myGithub/ccache/CMakeFiles/CMakeTmp/CMAKE_TRY_COMPILE.build/Debug/cmTC_5e286.build/Objects-normal/x86_64/src.dia -c /Users/xuzhongping/Desktop/Dev/myGithub/ccache/CMakeFiles/CMakeTmp/src.c -o /Users/xuzhongping/Desktop/Dev/myGithub/ccache/CMakeFiles/CMakeTmp/CMAKE_TRY_COMPILE.build/Debug/cmTC_5e286.build/Objects-normal/x86_64/src.o
In file included from /Users/xuzhongping/Desktop/Dev/myGithub/ccache/CMakeFiles/CMakeTmp/src.c:1:
/Applications/Xcode.app/Contents/Developer/Toolchains/XcodeDefault.xctoolchain/usr/lib/clang/13.0.0/include/arm_neon.h:28:2: error: "NEON intrinsics not available with the soft-float ABI. Please use -mfloat-abi=softfp or -mfloat-abi=hard"
#error "NEON intrinsics not available with the soft-float ABI. Please use -mfloat-abi=softfp or -mfloat-abi=hard"
 ^
/Users/xuzhongping/Desktop/Dev/myGithub/ccache/CMakeFiles/CMakeTmp/src.c:2:20: error: implicit declaration of function 'vdupq_n_s32' is invalid in C99 [-Werror,-Wimplicit-function-declaration]
      int main() { vdupq_n_s32(42); return 0; }
                   ^
2 errors generated.

WriteAuxiliaryFile /Users/xuzhongping/Desktop/Dev/myGithub/ccache/CMakeFiles/CMakeTmp/CMAKE_TRY_COMPILE.build/Debug/cmTC_5e286.build/Objects-normal/x86_64/cmTC_5e286.LinkFileList (in target 'cmTC_5e286' from project 'CMAKE_TRY_COMPILE')
    cd /Users/xuzhongping/Desktop/Dev/myGithub/ccache/CMakeFiles/CMakeTmp
    write-file /Users/xuzhongping/Desktop/Dev/myGithub/ccache/CMakeFiles/CMakeTmp/CMAKE_TRY_COMPILE.build/Debug/cmTC_5e286.build/Objects-normal/x86_64/cmTC_5e286.LinkFileList

** BUILD FAILED **


The following build commands failed:
	CompileC /Users/xuzhongping/Desktop/Dev/myGithub/ccache/CMakeFiles/CMakeTmp/CMAKE_TRY_COMPILE.build/Debug/cmTC_5e286.build/Objects-normal/x86_64/src.o /Users/xuzhongping/Desktop/Dev/myGithub/ccache/CMakeFiles/CMakeTmp/src.c normal x86_64 c com.apple.compilers.llvm.clang.1_0.compiler (in target 'cmTC_5e286' from project 'CMAKE_TRY_COMPILE')
(1 failure)


Source file was:
      #include <arm_neon.h>
      int main() { vdupq_n_s32(42); return 0; }
    
